#
# A fatal error has been detected by the Java Runtime Environment:
#
#  SIGSEGV (0xb) at pc=0x000000011fc27e3d, pid=8317, tid=21507
#
# JRE version: Java(TM) SE Runtime Environment (8.0_66-b17) (build 1.8.0_66-b17)
# Java VM: Java HotSpot(TM) 64-Bit Server VM (25.66-b17 mixed mode bsd-amd64 compressed oops)
# Problematic frame:
# C  [librxtxSerial.jnilib+0x3e3d]  read_byte_array+0x44
#
# Failed to write core dump. Core dumps have been disabled. To enable core dumping, try "ulimit -c unlimited" before starting Java again
#
# If you would like to submit a bug report, please visit:
#   http://bugreport.java.com/bugreport/crash.jsp
# The crash happened outside the Java Virtual Machine in native code.
# See problematic frame for where to report the bug.
#

---------------  T H R E A D  ---------------

Current thread (0x00007ffb2501c800):  JavaThread "Reader" [_thread_in_native, id=21507, stack(0x000070000114d000,0x000070000124d000)]

siginfo: si_signo: 11 (SIGSEGV), si_code: 1 (SEGV_MAPERR), si_addr: 0x00007000010c6708

Registers:
RAX=0x00007000010c6700, RBX=0x0000000000000009, RCX=0x0000000000000000, RDX=0x0000000000000002
RSP=0x000070000124c400, RBP=0x000070000124c510, RSI=0x000000011fc29c36, RDI=0x000000011fc2a02d
R8 =0x0000000000000065, R9 =0x000000076abe93f8, R10=0x000000000000000c, R11=0x00000001038de760
R12=0x00007ffb2501c9f8, R13=0x000000011ccaaad8, R14=0x00000000ffffffff, R15=0x00007000010c6700
RIP=0x000000011fc27e3d, EFLAGS=0x0000000000010202, ERR=0x0000000000000004
  TRAPNO=0x000000000000000e

Top of Stack: (sp=0x000070000124c400)
0x000070000124c400:   00007ffb23537870 00007ffb2501c800
0x000070000124c410:   000000010277f280 000070000124c53f
0x000070000124c420:   000000090124c4b0 0000000103316c90
0x000070000124c430:   00007ffb2501c9f8 0000001400000002
0x000070000124c440:   000000011cca7428 00007ffb2501c800
0x000070000124c450:   00007ffb2501c800 0000000000000000
0x000070000124c460:   000000076b47bdd8 00007ffb2501c800
0x000070000124c470:   00007ffb23639788 00007ffb2501c9f8
0x000070000124c480:   000070000124c4b0 0000000103310a39
0x000070000124c490:   00007ffb2501c9f8 00007ffb2501c800
0x000070000124c4a0:   00007ffb2501c9f8 000000011fc29bf8
0x000070000124c4b0:   000070000124c500 000000011fc2708b
0x000070000124c4c0:   0000000000000000 000000011fc2a203
0x000070000124c4d0:   000070000124c4f0 0000000000000009
0x000070000124c4e0:   00007ffb2501c9f8 0000000000000009
0x000070000124c4f0:   00007ffb2501c9f8 000000011ccaaad8
0x000070000124c500:   000070000124c5d0 00007ffb2501c800
0x000070000124c510:   000070000124c550 000000011fc283d8
0x000070000124c520:   000070000124c678 000070000124c5d0
0x000070000124c530:   000000076b47a470 0000000000000000
0x000070000124c540:   000000011ccaaae0 0000000000000000
0x000070000124c550:   000070000124c5b0 0000000103f9b954
0x000070000124c560:   0000000000000001 000000076ab1e378
0x000070000124c570:   000070000124c570 0000000000000000
0x000070000124c580:   000070000124c5d0 000000011ccb5c78
0x000070000124c590:   0000000000000000 000000011ccaaae0
0x000070000124c5a0:   0000000000000000 000070000124c5d0
0x000070000124c5b0:   000070000124c628 0000000103f8d690
0x000070000124c5c0:   0000000000000000 0000000103f95576
0x000070000124c5d0:   000000076abe93f8 0000000000000001
0x000070000124c5e0:   000000076abe9968 000070000124c5d8
0x000070000124c5f0:   000000011ccb5665 000070000124c650 

Instructions: (pc=0x000000011fc27e3d)
0x000000011fc27e1d:   04 ff ff ff 45 89 ce 48 8d 0d 09 1e 00 00 48 8d
0x000000011fc27e2d:   15 04 1e 00 00 48 8b 36 e8 72 f1 ff ff 49 89 c7
0x000000011fc27e3d:   8b 40 08 89 85 38 ff ff ff 41 c7 47 08 00 00 00
0x000000011fc27e4d:   00 48 c7 85 30 ff ff ff 00 00 00 00 45 85 f6 78 

Register to memory mapping:

RAX=0x00007000010c6700 is an unknown value
RBX=0x0000000000000009 is an unknown value
RCX=0x0000000000000000 is an unknown value
RDX=0x0000000000000002 is an unknown value
RSP=0x000070000124c400 is pointing into the stack for thread: 0x00007ffb2501c800
RBP=0x000070000124c510 is pointing into the stack for thread: 0x00007ffb2501c800
RSI=0x000000011fc29c36: Java_gnu_io_CommPortIdentifier_native_1psmisc_1report_1owner+0x4c4 in /Users/matsroedseth/Documents/NetBeans/masterproject/MasterTM/librxtxSerial.jnilib at 0x000000011fc24000
RDI=0x000000011fc2a02d: Java_gnu_io_CommPortIdentifier_native_1psmisc_1report_1owner+0x8bb in /Users/matsroedseth/Documents/NetBeans/masterproject/MasterTM/librxtxSerial.jnilib at 0x000000011fc24000
R8 =0x0000000000000065 is an unknown value
R9 =0x000000076abe93f8 is an oop
gnu.io.RXTXPort 
 - klass: 'gnu/io/RXTXPort'
R10=0x000000000000000c is an unknown value
R11=0x00000001038de760: _ZN20SafepointSynchronize18_safepoint_counterE+0 in /Library/Java/JavaVirtualMachines/jdk1.8.0_66.jdk/Contents/Home/jre/lib/server/libjvm.dylib at 0x0000000103000000
R12=0x00007ffb2501c9f8 is an unknown value
R13=0x000000011ccaaad8 is pointing into metadata
R14=0x00000000ffffffff is an unknown value
R15=0x00007000010c6700 is an unknown value


Stack: [0x000070000114d000,0x000070000124d000],  sp=0x000070000124c400,  free space=1021k
Native frames: (J=compiled Java code, j=interpreted, Vv=VM code, C=native code)
C  [librxtxSerial.jnilib+0x3e3d]  read_byte_array+0x44
C  [librxtxSerial.jnilib+0x43d8]  Java_gnu_io_RXTXPort_readByte+0x5d
j  gnu.io.RXTXPort.readByte()I+0
j  gnu.io.RXTXPort$SerialInputStream.read()I+61
j  net.minidev.json.parser.JSONParserInputStream.read()V+4
j  net.minidev.json.parser.JSONParserBase.parse(Lnet/minidev/json/parser/ContainerFactory;Lnet/minidev/json/parser/ContentHandler;)Ljava/lang/Object;+16
j  net.minidev.json.parser.JSONParserInputStream.parse(Ljava/io/InputStream;Lnet/minidev/json/parser/ContainerFactory;Lnet/minidev/json/parser/ContentHandler;)Ljava/lang/Object;+8
j  net.minidev.json.parser.JSONParserInputStream.parse(Ljava/io/InputStream;)Ljava/lang/Object;+8
j  net.minidev.json.parser.JSONParser.parse(Ljava/io/InputStream;)Ljava/lang/Object;+27
j  no.ntnu.tem.communication.Communication.receive()V+23
j  no.ntnu.tem.communication.Communication.access$000(Lno/ntnu/tem/communication/Communication;)V+1
j  no.ntnu.tem.communication.Communication$2.run()V+4
v  ~StubRoutines::call_stub
V  [libjvm.dylib+0x2ea35e]  JavaCalls::call_helper(JavaValue*, methodHandle*, JavaCallArguments*, Thread*)+0x6ae
V  [libjvm.dylib+0x2eaaec]  JavaCalls::call_virtual(JavaValue*, KlassHandle, Symbol*, Symbol*, JavaCallArguments*, Thread*)+0x164
V  [libjvm.dylib+0x2eac98]  JavaCalls::call_virtual(JavaValue*, Handle, KlassHandle, Symbol*, Symbol*, Thread*)+0x4a
V  [libjvm.dylib+0x345215]  thread_entry(JavaThread*, Thread*)+0x7c
V  [libjvm.dylib+0x560b83]  JavaThread::thread_main_inner()+0x9b
V  [libjvm.dylib+0x56227e]  JavaThread::run()+0x1c2
V  [libjvm.dylib+0x482cd6]  java_start(Thread*)+0xf6
C  [libsystem_pthread.dylib+0x3c13]  _pthread_body+0x83
C  [libsystem_pthread.dylib+0x3b90]  _pthread_body+0x0
C  [libsystem_pthread.dylib+0x1375]  thread_start+0xd
C  0x0000000000000000

Java frames: (J=compiled Java code, j=interpreted, Vv=VM code)
j  gnu.io.RXTXPort.readByte()I+0
j  gnu.io.RXTXPort$SerialInputStream.read()I+61
j  net.minidev.json.parser.JSONParserInputStream.read()V+4
j  net.minidev.json.parser.JSONParserBase.parse(Lnet/minidev/json/parser/ContainerFactory;Lnet/minidev/json/parser/ContentHandler;)Ljava/lang/Object;+16
j  net.minidev.json.parser.JSONParserInputStream.parse(Ljava/io/InputStream;Lnet/minidev/json/parser/ContainerFactory;Lnet/minidev/json/parser/ContentHandler;)Ljava/lang/Object;+8
j  net.minidev.json.parser.JSONParserInputStream.parse(Ljava/io/InputStream;)Ljava/lang/Object;+8
j  net.minidev.json.parser.JSONParser.parse(Ljava/io/InputStream;)Ljava/lang/Object;+27
j  no.ntnu.tem.communication.Communication.receive()V+23
j  no.ntnu.tem.communication.Communication.access$000(Lno/ntnu/tem/communication/Communication;)V+1
j  no.ntnu.tem.communication.Communication$2.run()V+4
v  ~StubRoutines::call_stub

---------------  P R O C E S S  ---------------

Java Threads: ( => current thread )
  0x00007ffb2486a000 JavaThread "DestroyJavaVM" [_thread_blocked, id=5891, stack(0x000070000011a000,0x000070000021a000)]
=>0x00007ffb2501c800 JavaThread "Reader" [_thread_in_native, id=21507, stack(0x000070000114d000,0x000070000124d000)]
  0x00007ffb23825000 JavaThread "Service Thread" daemon [_thread_blocked, id=18435, stack(0x0000700000dc1000,0x0000700000ec1000)]
  0x00007ffb24819000 JavaThread "C1 CompilerThread2" daemon [_thread_blocked, id=17923, stack(0x0000700000cbe000,0x0000700000dbe000)]
  0x00007ffb24818000 JavaThread "C2 CompilerThread1" daemon [_thread_blocked, id=17411, stack(0x0000700000bbb000,0x0000700000cbb000)]
  0x00007ffb2408e800 JavaThread "C2 CompilerThread0" daemon [_thread_blocked, id=16899, stack(0x0000700000ab8000,0x0000700000bb8000)]
  0x00007ffb2408b800 JavaThread "Signal Dispatcher" daemon [_thread_blocked, id=13839, stack(0x00007000009b5000,0x0000700000ab5000)]
  0x00007ffb24002000 JavaThread "Finalizer" daemon [_thread_blocked, id=12291, stack(0x000070000082f000,0x000070000092f000)]
  0x00007ffb25009000 JavaThread "Reference Handler" daemon [_thread_blocked, id=11779, stack(0x000070000072c000,0x000070000082c000)]

Other Threads:
  0x00007ffb25008000 VMThread [stack: 0x0000700000629000,0x0000700000729000] [id=11267]
  0x00007ffb2403a800 WatcherThread [stack: 0x0000700000ec4000,0x0000700000fc4000] [id=18947]

VM state:not at safepoint (normal execution)

VM Mutex/Monitor currently owned by a thread: None

Heap:
 PSYoungGen      total 76288K, used 10486K [0x000000076ab00000, 0x0000000770000000, 0x00000007c0000000)
  eden space 65536K, 16% used [0x000000076ab00000,0x000000076b53d980,0x000000076eb00000)
  from space 10752K, 0% used [0x000000076f580000,0x000000076f580000,0x0000000770000000)
  to   space 10752K, 0% used [0x000000076eb00000,0x000000076eb00000,0x000000076f580000)
 ParOldGen       total 175104K, used 0K [0x00000006c0000000, 0x00000006cab00000, 0x000000076ab00000)
  object space 175104K, 0% used [0x00000006c0000000,0x00000006c0000000,0x00000006cab00000)
 Metaspace       used 3201K, capacity 4728K, committed 4864K, reserved 1056768K
  class space    used 338K, capacity 424K, committed 512K, reserved 1048576K

Card table byte_map: [0x0000000113346000,0x0000000113b47000] byte_map_base: 0x000000010fd46000

Marking Bits: (ParMarkBitMap*) 0x00000001038dde20
 Begin Bits: [0x000000011409d000, 0x000000011809d000)
 End Bits:   [0x000000011809d000, 0x000000011c09d000)

Polling page: 0x00000001026ef000

CodeCache: size=245760Kb used=1408Kb max_used=1419Kb free=244352Kb
 bounds [0x0000000103f86000, 0x00000001041f6000, 0x0000000112f86000]
 total_blobs=410 nmethods=178 adapters=146
 compilation: enabled

Compilation events (10 events):
Event: 8.063 Thread 0x00007ffb24819000  172       1       java.lang.Throwable$WrappedPrintStream::lock (5 bytes)
Event: 8.063 Thread 0x00007ffb24819000 nmethod 172 0x00000001040d93d0 code [0x00000001040d9520, 0x00000001040d9630]
Event: 8.063 Thread 0x00007ffb24819000  173       3       java.util.IdentityHashMap::put (137 bytes)
Event: 8.064 Thread 0x00007ffb24819000 nmethod 173 0x00000001040e2f90 code [0x00000001040e3180, 0x00000001040e3b98]
Event: 8.064 Thread 0x00007ffb24819000  176       3       java.lang.Throwable::toString (45 bytes)
Event: 8.064 Thread 0x00007ffb24819000 nmethod 176 0x00000001040e1d50 code [0x00000001040e1f60, 0x00000001040e2b88]
Event: 8.064 Thread 0x00007ffb24819000  177       3       java.lang.Throwable::getLocalizedMessage (5 bytes)
Event: 8.064 Thread 0x00007ffb24819000 nmethod 177 0x00000001040e5dd0 code [0x00000001040e5f40, 0x00000001040e6130]
Event: 8.081 Thread 0x00007ffb24818000  178       4       java.lang.StringBuilder::toString (17 bytes)
Event: 8.086 Thread 0x00007ffb24818000 nmethod 178 0x00000001040e9150 code [0x00000001040e92c0, 0x00000001040e9638]

GC Heap History (0 events):
No events

Deoptimization events (0 events):
No events

Internal exceptions (10 events):
Event: 8.086 Thread 0x00007ffb2501c800 Exception <a 'java/io/IOException': Device not configured in readByte> (0x000000076b44d168) thrown at [/HUDSON3/workspace/8-2-build-macosx-x86_64/jdk8u66/4988/hotspot/src/share/vm/prims/jni.cpp, line 735]
Event: 8.086 Thread 0x00007ffb2501c800 Exception <a 'java/io/IOException': Device not configured in readByte> (0x000000076b451c50) thrown at [/HUDSON3/workspace/8-2-build-macosx-x86_64/jdk8u66/4988/hotspot/src/share/vm/prims/jni.cpp, line 735]
Event: 8.123 Thread 0x00007ffb2501c800 Exception <a 'java/io/IOException': Device not configured in readByte> (0x000000076b456738) thrown at [/HUDSON3/workspace/8-2-build-macosx-x86_64/jdk8u66/4988/hotspot/src/share/vm/prims/jni.cpp, line 735]
Event: 8.129 Thread 0x00007ffb2501c800 Exception <a 'java/io/IOException': Device not configured in readByte> (0x000000076b45b220) thrown at [/HUDSON3/workspace/8-2-build-macosx-x86_64/jdk8u66/4988/hotspot/src/share/vm/prims/jni.cpp, line 735]
Event: 8.129 Thread 0x00007ffb2501c800 Exception <a 'java/io/IOException': Device not configured in readByte> (0x000000076b45fd08) thrown at [/HUDSON3/workspace/8-2-build-macosx-x86_64/jdk8u66/4988/hotspot/src/share/vm/prims/jni.cpp, line 735]
Event: 8.129 Thread 0x00007ffb2501c800 Exception <a 'java/io/IOException': Device not configured in readByte> (0x000000076b4647f0) thrown at [/HUDSON3/workspace/8-2-build-macosx-x86_64/jdk8u66/4988/hotspot/src/share/vm/prims/jni.cpp, line 735]
Event: 8.130 Thread 0x00007ffb2501c800 Exception <a 'java/io/IOException': Device not configured in readByte> (0x000000076b4692d8) thrown at [/HUDSON3/workspace/8-2-build-macosx-x86_64/jdk8u66/4988/hotspot/src/share/vm/prims/jni.cpp, line 735]
Event: 8.130 Thread 0x00007ffb2501c800 Exception <a 'java/io/IOException': Device not configured in readByte> (0x000000076b46ddc0) thrown at [/HUDSON3/workspace/8-2-build-macosx-x86_64/jdk8u66/4988/hotspot/src/share/vm/prims/jni.cpp, line 735]
Event: 8.130 Thread 0x00007ffb2501c800 Exception <a 'java/io/IOException': Device not configured in readByte> (0x000000076b4728a8) thrown at [/HUDSON3/workspace/8-2-build-macosx-x86_64/jdk8u66/4988/hotspot/src/share/vm/prims/jni.cpp, line 735]
Event: 8.130 Thread 0x00007ffb2501c800 Exception <a 'java/io/IOException': Device not configured in readByte> (0x000000076b477390) thrown at [/HUDSON3/workspace/8-2-build-macosx-x86_64/jdk8u66/4988/hotspot/src/share/vm/prims/jni.cpp, line 735]

Events (10 events):
Event: 7.738 loading class java/util/IdentityHashMap$KeySet done
Event: 7.752 Executing VM operation: BulkRevokeBias
Event: 7.752 Executing VM operation: BulkRevokeBias done
Event: 7.753 Executing VM operation: BulkRevokeBias
Event: 7.753 Executing VM operation: BulkRevokeBias done
Event: 7.766 Executing VM operation: BulkRevokeBias
Event: 7.766 Executing VM operation: BulkRevokeBias done
Event: 7.767 Executing VM operation: BulkRevokeBias
Event: 7.767 Executing VM operation: BulkRevokeBias done
Event: 8.144 Thread 0x00007ffb2484d000 Thread exited: 0x00007ffb2484d000


Dynamic libraries:
0x0000000008cb8000 	/System/Library/Frameworks/Cocoa.framework/Versions/A/Cocoa
0x0000000008cb8000 	/System/Library/Frameworks/Security.framework/Versions/A/Security
0x0000000008cb8000 	/System/Library/Frameworks/ApplicationServices.framework/Versions/A/ApplicationServices
0x0000000008cb8000 	/usr/lib/libz.1.dylib
0x0000000008cb8000 	/usr/lib/libSystem.B.dylib
0x0000000008cb8000 	/usr/lib/libobjc.A.dylib
0x0000000008cb8000 	/System/Library/Frameworks/CoreFoundation.framework/Versions/A/CoreFoundation
0x0000000008cb8000 	/System/Library/Frameworks/Foundation.framework/Versions/C/Foundation
0x0000000008cb8000 	/System/Library/Frameworks/AppKit.framework/Versions/C/AppKit
0x0000000008cb8000 	/System/Library/Frameworks/CoreData.framework/Versions/A/CoreData
0x0000000008cb8000 	/System/Library/PrivateFrameworks/RemoteViewServices.framework/Versions/A/RemoteViewServices
0x0000000008cb8000 	/System/Library/PrivateFrameworks/UIFoundation.framework/Versions/A/UIFoundation
0x0000000008cb8000 	/usr/lib/libScreenReader.dylib
0x0000000008cb8000 	/System/Library/Frameworks/Accelerate.framework/Versions/A/Accelerate
0x0000000008cb8000 	/System/Library/Frameworks/IOSurface.framework/Versions/A/IOSurface
0x0000000008cb8000 	/System/Library/Frameworks/AudioToolbox.framework/Versions/A/AudioToolbox
0x0000000008cb8000 	/System/Library/Frameworks/AudioUnit.framework/Versions/A/AudioUnit
0x0000000008cb8000 	/System/Library/PrivateFrameworks/DataDetectorsCore.framework/Versions/A/DataDetectorsCore
0x0000000008cb8000 	/System/Library/PrivateFrameworks/DesktopServicesPriv.framework/Versions/A/DesktopServicesPriv
0x0000000008cb8000 	/System/Library/Frameworks/Carbon.framework/Versions/A/Frameworks/HIToolbox.framework/Versions/A/HIToolbox
0x0000000008cb8000 	/System/Library/Frameworks/QuartzCore.framework/Versions/A/QuartzCore
0x0000000008cb8000 	/System/Library/Frameworks/Carbon.framework/Versions/A/Frameworks/SpeechRecognition.framework/Versions/A/SpeechRecognition
0x0000000008cb8000 	/usr/lib/libauto.dylib
0x0000000008cb8000 	/usr/lib/libicucore.A.dylib
0x0000000008cb8000 	/usr/lib/libxml2.2.dylib
0x0000000008cb8000 	/System/Library/PrivateFrameworks/CoreUI.framework/Versions/A/CoreUI
0x0000000008cb8000 	/System/Library/Frameworks/CoreAudio.framework/Versions/A/CoreAudio
0x0000000008cb8000 	/System/Library/Frameworks/DiskArbitration.framework/Versions/A/DiskArbitration
0x0000000008cb8000 	/usr/lib/liblangid.dylib
0x0000000008cb8000 	/System/Library/PrivateFrameworks/MultitouchSupport.framework/Versions/A/MultitouchSupport
0x0000000008cb8000 	/System/Library/Frameworks/IOKit.framework/Versions/A/IOKit
0x0000000008cb8000 	/usr/lib/libDiagnosticMessagesClient.dylib
0x0000000008cb8000 	/System/Library/Frameworks/CoreServices.framework/Versions/A/CoreServices
0x0000000008cb8000 	/System/Library/PrivateFrameworks/PerformanceAnalysis.framework/Versions/A/PerformanceAnalysis
0x0000000008cb8000 	/System/Library/PrivateFrameworks/GenerationalStorage.framework/Versions/A/GenerationalStorage
0x0000000008cb8000 	/System/Library/Frameworks/OpenGL.framework/Versions/A/OpenGL
0x0000000008cb8000 	/System/Library/PrivateFrameworks/Sharing.framework/Versions/A/Sharing
0x0000000008cb8000 	/System/Library/Frameworks/CoreGraphics.framework/Versions/A/CoreGraphics
0x0000000008cb8000 	/System/Library/Frameworks/CoreImage.framework/Versions/A/CoreImage
0x0000000008cb8000 	/System/Library/Frameworks/CoreText.framework/Versions/A/CoreText
0x0000000008cb8000 	/System/Library/Frameworks/ImageIO.framework/Versions/A/ImageIO
0x0000000008cb8000 	/System/Library/PrivateFrameworks/Backup.framework/Versions/A/Backup
0x0000000008cb8000 	/usr/lib/libextension.dylib
0x0000000008cb8000 	/usr/lib/libarchive.2.dylib
0x0000000008cb8000 	/System/Library/Frameworks/CFNetwork.framework/Versions/A/CFNetwork
0x0000000008cb8000 	/System/Library/Frameworks/SystemConfiguration.framework/Versions/A/SystemConfiguration
0x0000000008cb8000 	/usr/lib/libCRFSuite.dylib
0x0000000008cb8000 	/usr/lib/libc++.1.dylib
0x0000000008cb8000 	/usr/lib/libc++abi.dylib
0x0000000008cb8000 	/usr/lib/system/libcache.dylib
0x0000000008cb8000 	/usr/lib/system/libcommonCrypto.dylib
0x0000000008cb8000 	/usr/lib/system/libcompiler_rt.dylib
0x0000000008cb8000 	/usr/lib/system/libcopyfile.dylib
0x0000000008cb8000 	/usr/lib/system/libcorecrypto.dylib
0x0000000008cb8000 	/usr/lib/system/libdispatch.dylib
0x0000000008cb8000 	/usr/lib/system/libdyld.dylib
0x0000000008cb8000 	/usr/lib/system/libkeymgr.dylib
0x0000000008cb8000 	/usr/lib/system/liblaunch.dylib
0x0000000008cb8000 	/usr/lib/system/libmacho.dylib
0x0000000008cb8000 	/usr/lib/system/libquarantine.dylib
0x0000000008cb8000 	/usr/lib/system/libremovefile.dylib
0x0000000008cb8000 	/usr/lib/system/libsystem_asl.dylib
0x0000000008cb8000 	/usr/lib/system/libsystem_blocks.dylib
0x0000000008cb8000 	/usr/lib/system/libsystem_c.dylib
0x0000000008cb8000 	/usr/lib/system/libsystem_configuration.dylib
0x0000000008cb8000 	/usr/lib/system/libsystem_coreservices.dylib
0x0000000008cb8000 	/usr/lib/system/libsystem_coretls.dylib
0x0000000008cb8000 	/usr/lib/system/libsystem_dnssd.dylib
0x0000000008cb8000 	/usr/lib/system/libsystem_info.dylib
0x0000000008cb8000 	/usr/lib/system/libsystem_kernel.dylib
0x0000000008cb8000 	/usr/lib/system/libsystem_m.dylib
0x0000000008cb8000 	/usr/lib/system/libsystem_malloc.dylib
0x0000000008cb8000 	/usr/lib/system/libsystem_network.dylib
0x0000000008cb8000 	/usr/lib/system/libsystem_networkextension.dylib
0x0000000008cb8000 	/usr/lib/system/libsystem_notify.dylib
0x0000000008cb8000 	/usr/lib/system/libsystem_platform.dylib
0x0000000008cb8000 	/usr/lib/system/libsystem_pthread.dylib
0x0000000008cb8000 	/usr/lib/system/libsystem_sandbox.dylib
0x0000000008cb8000 	/usr/lib/system/libsystem_secinit.dylib
0x0000000008cb8000 	/usr/lib/system/libsystem_trace.dylib
0x0000000008cb8000 	/usr/lib/system/libunc.dylib
0x0000000008cb8000 	/usr/lib/system/libunwind.dylib
0x0000000008cb8000 	/usr/lib/system/libxpc.dylib
0x0000000008cb8000 	/usr/lib/libenergytrace.dylib
0x0000000008cb8000 	/usr/lib/libbsm.0.dylib
0x0000000008cb8000 	/usr/lib/system/libkxld.dylib
0x0000000008cb8000 	/usr/lib/libxar.1.dylib
0x0000000008cb8000 	/usr/lib/libsqlite3.dylib
0x0000000008cb8000 	/usr/lib/libpam.2.dylib
0x0000000008cb8000 	/usr/lib/libOpenScriptingUtil.dylib
0x0000000008cb8000 	/usr/lib/libbz2.1.0.dylib
0x0000000008cb8000 	/usr/lib/liblzma.5.dylib
0x0000000008cb8000 	/System/Library/Frameworks/CoreServices.framework/Versions/A/Frameworks/FSEvents.framework/Versions/A/FSEvents
0x0000000008cb8000 	/System/Library/Frameworks/CoreServices.framework/Versions/A/Frameworks/CarbonCore.framework/Versions/A/CarbonCore
0x0000000008cb8000 	/System/Library/Frameworks/CoreServices.framework/Versions/A/Frameworks/Metadata.framework/Versions/A/Metadata
0x0000000008cb8000 	/System/Library/Frameworks/CoreServices.framework/Versions/A/Frameworks/OSServices.framework/Versions/A/OSServices
0x0000000008cb8000 	/System/Library/Frameworks/CoreServices.framework/Versions/A/Frameworks/SearchKit.framework/Versions/A/SearchKit
0x0000000008cb8000 	/System/Library/Frameworks/CoreServices.framework/Versions/A/Frameworks/AE.framework/Versions/A/AE
0x0000000008cb8000 	/System/Library/Frameworks/CoreServices.framework/Versions/A/Frameworks/LaunchServices.framework/Versions/A/LaunchServices
0x0000000008cb8000 	/System/Library/Frameworks/CoreServices.framework/Versions/A/Frameworks/DictionaryServices.framework/Versions/A/DictionaryServices
0x0000000008cb8000 	/System/Library/Frameworks/CoreServices.framework/Versions/A/Frameworks/SharedFileList.framework/Versions/A/SharedFileList
0x0000000008cb8000 	/System/Library/Frameworks/NetFS.framework/Versions/A/NetFS
0x0000000008cb8000 	/System/Library/PrivateFrameworks/NetAuth.framework/Versions/A/NetAuth
0x0000000008cb8000 	/System/Library/PrivateFrameworks/login.framework/Versions/A/Frameworks/loginsupport.framework/Versions/A/loginsupport
0x0000000008cb8000 	/System/Library/PrivateFrameworks/TCC.framework/Versions/A/TCC
0x0000000008cb8000 	/usr/lib/libmecabra.dylib
0x0000000008cb8000 	/System/Library/Frameworks/ApplicationServices.framework/Versions/A/Frameworks/ATS.framework/Versions/A/ATS
0x0000000008cb8000 	/System/Library/Frameworks/ApplicationServices.framework/Versions/A/Frameworks/ColorSync.framework/Versions/A/ColorSync
0x0000000008cb8000 	/System/Library/Frameworks/ApplicationServices.framework/Versions/A/Frameworks/HIServices.framework/Versions/A/HIServices
0x0000000008cb8000 	/System/Library/Frameworks/ApplicationServices.framework/Versions/A/Frameworks/LangAnalysis.framework/Versions/A/LangAnalysis
0x0000000008cb8000 	/System/Library/Frameworks/ApplicationServices.framework/Versions/A/Frameworks/PrintCore.framework/Versions/A/PrintCore
0x0000000008cb8000 	/System/Library/Frameworks/ApplicationServices.framework/Versions/A/Frameworks/QD.framework/Versions/A/QD
0x0000000008cb8000 	/System/Library/Frameworks/ApplicationServices.framework/Versions/A/Frameworks/SpeechSynthesis.framework/Versions/A/SpeechSynthesis
0x0000000008cb8000 	/System/Library/Frameworks/Metal.framework/Versions/A/Metal
0x0000000008cb8000 	/System/Library/Frameworks/Accelerate.framework/Versions/A/Frameworks/vImage.framework/Versions/A/vImage
0x0000000008cb8000 	/System/Library/Frameworks/Accelerate.framework/Versions/A/Frameworks/vecLib.framework/Versions/A/vecLib
0x0000000008cb8000 	/System/Library/Frameworks/Accelerate.framework/Versions/A/Frameworks/vecLib.framework/Versions/A/libvDSP.dylib
0x0000000008cb8000 	/System/Library/Frameworks/Accelerate.framework/Versions/A/Frameworks/vecLib.framework/Versions/A/libvMisc.dylib
0x0000000008cb8000 	/System/Library/Frameworks/Accelerate.framework/Versions/A/Frameworks/vecLib.framework/Versions/A/libLAPACK.dylib
0x0000000008cb8000 	/System/Library/Frameworks/Accelerate.framework/Versions/A/Frameworks/vecLib.framework/Versions/A/libBLAS.dylib
0x0000000008cb8000 	/System/Library/Frameworks/Accelerate.framework/Versions/A/Frameworks/vecLib.framework/Versions/A/libLinearAlgebra.dylib
0x0000000008cb8000 	/System/Library/Frameworks/Accelerate.framework/Versions/A/Frameworks/vecLib.framework/Versions/A/libSparseBLAS.dylib
0x0000000008cb8000 	/System/Library/PrivateFrameworks/GPUCompiler.framework/libmetal_timestamp.dylib
0x0000000008cb8000 	/System/Library/Frameworks/OpenGL.framework/Versions/A/Libraries/libCoreFSCache.dylib
0x0000000008cb8000 	/System/Library/PrivateFrameworks/IOAccelerator.framework/Versions/A/IOAccelerator
0x0000000008cb8000 	/System/Library/Frameworks/ApplicationServices.framework/Versions/A/Frameworks/ATS.framework/Versions/A/Resources/libFontParser.dylib
0x0000000008cb8000 	/System/Library/Frameworks/ApplicationServices.framework/Versions/A/Frameworks/ATS.framework/Versions/A/Resources/libFontRegistry.dylib
0x0000000008cb8000 	/System/Library/PrivateFrameworks/AppleVPA.framework/Versions/A/AppleVPA
0x0000000008cb8000 	/System/Library/PrivateFrameworks/AppleJPEG.framework/Versions/A/AppleJPEG
0x0000000008cb8000 	/System/Library/Frameworks/ImageIO.framework/Versions/A/Resources/libJPEG.dylib
0x0000000008cb8000 	/System/Library/Frameworks/ImageIO.framework/Versions/A/Resources/libTIFF.dylib
0x0000000008cb8000 	/System/Library/Frameworks/ImageIO.framework/Versions/A/Resources/libPng.dylib
0x0000000008cb8000 	/System/Library/Frameworks/ImageIO.framework/Versions/A/Resources/libGIF.dylib
0x0000000008cb8000 	/System/Library/Frameworks/ImageIO.framework/Versions/A/Resources/libJP2.dylib
0x0000000008cb8000 	/System/Library/Frameworks/ImageIO.framework/Versions/A/Resources/libRadiance.dylib
0x0000000008cb8000 	/System/Library/Frameworks/CoreVideo.framework/Versions/A/CoreVideo
0x0000000008cb8000 	/System/Library/Frameworks/OpenGL.framework/Versions/A/Libraries/libGLU.dylib
0x0000000008cb8000 	/System/Library/Frameworks/OpenGL.framework/Versions/A/Libraries/libGFXShared.dylib
0x0000000008cb8000 	/System/Library/Frameworks/OpenGL.framework/Versions/A/Libraries/libGL.dylib
0x0000000008cb8000 	/System/Library/Frameworks/OpenGL.framework/Versions/A/Libraries/libGLImage.dylib
0x0000000008cb8000 	/System/Library/Frameworks/OpenGL.framework/Versions/A/Libraries/libCVMSPluginSupport.dylib
0x0000000008cb8000 	/System/Library/Frameworks/OpenGL.framework/Versions/A/Libraries/libCoreVMClient.dylib
0x0000000008cb8000 	/usr/lib/libcups.2.dylib
0x0000000008cb8000 	/System/Library/Frameworks/Kerberos.framework/Versions/A/Kerberos
0x0000000008cb8000 	/System/Library/Frameworks/GSS.framework/Versions/A/GSS
0x0000000008cb8000 	/usr/lib/libresolv.9.dylib
0x0000000008cb8000 	/usr/lib/libiconv.2.dylib
0x0000000008cb8000 	/System/Library/PrivateFrameworks/Heimdal.framework/Versions/A/Heimdal
0x0000000008cb8000 	/usr/lib/libheimdal-asn1.dylib
0x0000000008cb8000 	/System/Library/Frameworks/OpenDirectory.framework/Versions/A/OpenDirectory
0x0000000008cb8000 	/System/Library/PrivateFrameworks/CommonAuth.framework/Versions/A/CommonAuth
0x0000000008cb8000 	/System/Library/Frameworks/OpenDirectory.framework/Versions/A/Frameworks/CFOpenDirectory.framework/Versions/A/CFOpenDirectory
0x0000000008cb8000 	/System/Library/Frameworks/SecurityFoundation.framework/Versions/A/SecurityFoundation
0x0000000008cb8000 	/System/Library/PrivateFrameworks/LanguageModeling.framework/Versions/A/LanguageModeling
0x0000000008cb8000 	/usr/lib/libmarisa.dylib
0x0000000008cb8000 	/usr/lib/libChineseTokenizer.dylib
0x0000000008cb8000 	/usr/lib/libcmph.dylib
0x0000000008cb8000 	/usr/lib/libcompression.dylib
0x0000000008cb8000 	/System/Library/Frameworks/ServiceManagement.framework/Versions/A/ServiceManagement
0x0000000008cb8000 	/usr/lib/libxslt.1.dylib
0x0000000008cb8000 	/System/Library/Frameworks/Carbon.framework/Versions/A/Frameworks/Ink.framework/Versions/A/Ink
0x0000000008cb8000 	/usr/lib/libFosl_dynamic.dylib
0x0000000008cb8000 	/System/Library/PrivateFrameworks/FaceCore.framework/Versions/A/FaceCore
0x0000000008cb8000 	/System/Library/Frameworks/OpenCL.framework/Versions/A/OpenCL
0x0000000008cb8000 	/System/Library/PrivateFrameworks/CrashReporterSupport.framework/Versions/A/CrashReporterSupport
0x0000000008cb8000 	/System/Library/PrivateFrameworks/IconServices.framework/Versions/A/IconServices
0x0000000008cb8000 	/System/Library/PrivateFrameworks/Apple80211.framework/Versions/A/Apple80211
0x0000000008cb8000 	/System/Library/Frameworks/CoreWLAN.framework/Versions/A/CoreWLAN
0x0000000008cb8000 	/System/Library/Frameworks/IOBluetooth.framework/Versions/A/IOBluetooth
0x0000000008cb8000 	/System/Library/PrivateFrameworks/CoreWiFi.framework/Versions/A/CoreWiFi
0x0000000008cb8000 	/System/Library/Frameworks/CoreBluetooth.framework/Versions/A/CoreBluetooth
0x0000000008cb8000 	/System/Library/PrivateFrameworks/ChunkingLibrary.framework/Versions/A/ChunkingLibrary
0x0000000008cb8000 	/System/Library/PrivateFrameworks/DebugSymbols.framework/Versions/A/DebugSymbols
0x0000000008cb8000 	/System/Library/PrivateFrameworks/CoreSymbolication.framework/Versions/A/CoreSymbolication
0x0000000008cb8000 	/System/Library/PrivateFrameworks/Symbolication.framework/Versions/A/Symbolication
0x0000000008cb8000 	/System/Library/PrivateFrameworks/SpeechRecognitionCore.framework/Versions/A/SpeechRecognitionCore
0x0000000103000000 	/Library/Java/JavaVirtualMachines/jdk1.8.0_66.jdk/Contents/Home/jre/lib/server/libjvm.dylib
0x0000000008cb8000 	/usr/lib/libstdc++.6.dylib
0x00000001026ac000 	/Library/Java/JavaVirtualMachines/jdk1.8.0_66.jdk/Contents/Home/jre/lib/libverify.dylib
0x00000001026ba000 	/Library/Java/JavaVirtualMachines/jdk1.8.0_66.jdk/Contents/Home/jre/lib/libjava.dylib
0x00000001026f9000 	/Library/Java/JavaVirtualMachines/jdk1.8.0_66.jdk/Contents/Home/jre/lib/libzip.dylib
0x000000011e2c8000 	/System/Library/Frameworks/JavaVM.framework/Frameworks/JavaRuntimeSupport.framework/JavaRuntimeSupport
0x000000011e2e3000 	/System/Library/Frameworks/JavaVM.framework/Versions/A/Frameworks/JavaNativeFoundation.framework/Versions/A/JavaNativeFoundation
0x000000011e2f8000 	/System/Library/Frameworks/JavaVM.framework/Versions/A/JavaVM
0x0000000008cb8000 	/System/Library/Frameworks/Carbon.framework/Versions/A/Carbon
0x000000011e305000 	/System/Library/PrivateFrameworks/JavaLaunching.framework/Versions/A/JavaLaunching
0x0000000008cb8000 	/System/Library/Frameworks/Carbon.framework/Versions/A/Frameworks/CommonPanels.framework/Versions/A/CommonPanels
0x0000000008cb8000 	/System/Library/Frameworks/Carbon.framework/Versions/A/Frameworks/Help.framework/Versions/A/Help
0x0000000008cb8000 	/System/Library/Frameworks/Carbon.framework/Versions/A/Frameworks/ImageCapture.framework/Versions/A/ImageCapture
0x0000000008cb8000 	/System/Library/Frameworks/Carbon.framework/Versions/A/Frameworks/OpenScripting.framework/Versions/A/OpenScripting
0x0000000008cb8000 	/System/Library/Frameworks/Carbon.framework/Versions/A/Frameworks/Print.framework/Versions/A/Print
0x0000000008cb8000 	/System/Library/Frameworks/Carbon.framework/Versions/A/Frameworks/SecurityHI.framework/Versions/A/SecurityHI
0x000000011fc24000 	/Users/matsroedseth/Documents/NetBeans/masterproject/MasterTM/librxtxSerial.jnilib

VM Arguments:
jvm_args: -Dfile.encoding=UTF-8 
java_command: no.ntnu.tem.communication.Communication
java_class_path (initial): /Users/matsroedseth/Documents/NetBeans/masterproject/libraries/rxtx-2.1.7.jar:/Users/matsroedseth/Documents/NetBeans/masterproject/libraries/RXTXcomm.jar:/Users/matsroedseth/Documents/NetBeans/masterproject/libraries/json-smart-1.1.1.jar:/Users/matsroedseth/Documents/NetBeans/masterproject/MasterTM/build/classes
Launcher Type: SUN_STANDARD

Environment Variables:
PATH=/usr/bin:/bin:/usr/sbin:/sbin
LD_LIBRARY_PATH=/Library/Java/JavaVirtualMachines/jdk1.8.0_66.jdk/Contents/Home/jre/lib/amd64:/Library/Java/JavaVirtualMachines/jdk1.8.0_66.jdk/Contents/Home/jre/lib/i386:
SHELL=/bin/bash

Signal Handlers:
SIGSEGV: [libjvm.dylib+0x5a65d5], sa_mask[0]=11111111011111110111111111111111, sa_flags=SA_ONSTACK|SA_RESTART|SA_SIGINFO
SIGBUS: [libjvm.dylib+0x5a65d5], sa_mask[0]=11111111011111110111111111111111, sa_flags=SA_RESTART|SA_SIGINFO
SIGFPE: [libjvm.dylib+0x4802e8], sa_mask[0]=11111111011111110111111111111111, sa_flags=SA_RESTART|SA_SIGINFO
SIGPIPE: [libjvm.dylib+0x4802e8], sa_mask[0]=11111111011111110111111111111111, sa_flags=SA_RESTART|SA_SIGINFO
SIGXFSZ: [libjvm.dylib+0x4802e8], sa_mask[0]=11111111011111110111111111111111, sa_flags=SA_RESTART|SA_SIGINFO
SIGILL: [libjvm.dylib+0x4802e8], sa_mask[0]=11111111011111110111111111111111, sa_flags=SA_RESTART|SA_SIGINFO
SIGUSR1: SIG_DFL, sa_mask[0]=00000000000000000000000000000000, sa_flags=none
SIGUSR2: [libjvm.dylib+0x47fe06], sa_mask[0]=00100000000000000000000000000000, sa_flags=SA_RESTART|SA_SIGINFO
SIGHUP: [libjvm.dylib+0x47e3dd], sa_mask[0]=11111111011111110111111111111111, sa_flags=SA_RESTART|SA_SIGINFO
SIGINT: SIG_IGN, sa_mask[0]=00000000000000000000000000000000, sa_flags=none
SIGTERM: [libjvm.dylib+0x47e3dd], sa_mask[0]=11111111011111110111111111111111, sa_flags=SA_RESTART|SA_SIGINFO
SIGQUIT: [libjvm.dylib+0x47e3dd], sa_mask[0]=11111111011111110111111111111111, sa_flags=SA_RESTART|SA_SIGINFO


---------------  S Y S T E M  ---------------

OS:Bsduname:Darwin 15.2.0 Darwin Kernel Version 15.2.0: Fri Nov 13 19:56:56 PST 2015; root:xnu-3248.20.55~2/RELEASE_X86_64 x86_64
rlimit: STACK 8192k, CORE 0k, NPROC 709, NOFILE 10240, AS infinity
load average:1.87 1.59 1.53

CPU:total 4 (2 cores per cpu, 2 threads per core) family 6 model 69 stepping 1, cmov, cx8, fxsr, mmx, sse, sse2, sse3, ssse3, sse4.1, sse4.2, popcnt, avx, avx2, aes, clmul, erms, lzcnt, ht, tsc, tscinvbit, bmi1, bmi2

Memory: 4k page, physical 16777216k(422444k free)

/proc/meminfo:


vm_info: Java HotSpot(TM) 64-Bit Server VM (25.66-b17) for bsd-amd64 JRE (1.8.0_66-b17), built on Oct  6 2015 16:09:13 by "java_re" with gcc 4.2.1 (Based on Apple Inc. build 5658) (LLVM build 2336.11.00)

time: Fri Feb  5 11:29:14 2016
elapsed time: 8 seconds (0d 0h 0m 8s)

